[2022-06-22T22:36:53.439] [DEBUG] cheese - login => username:admin,password:123456
[2022-06-22T22:36:53.443] [DEBUG] cheese - admin
[2022-06-22T22:36:53.460] [DEBUG] cheese - null
[2022-06-22T22:36:53.461] [DEBUG] cheese - null
[2022-06-22T22:38:48.080] [DEBUG] cheese - login => username:admin,password:123456
[2022-06-22T22:38:48.080] [DEBUG] cheese - admin
[2022-06-22T22:38:48.086] [DEBUG] cheese - null
[2022-06-22T22:38:48.086] [DEBUG] cheese - null
[2022-06-22T22:45:35.672] [DEBUG] cheese - login => username:admin,password:123456
[2022-06-22T22:45:35.675] [DEBUG] cheese - admin
[2022-06-22T22:45:35.726] [DEBUG] cheese - null
[2022-06-22T22:45:35.727] [DEBUG] cheese - null
[2022-06-22T22:48:48.689] [DEBUG] cheese - login => username:admin,password:123456
[2022-06-22T22:48:48.689] [DEBUG] cheese - admin
[2022-06-22T22:48:48.693] [DEBUG] cheese - null
[2022-06-22T22:48:48.693] [DEBUG] cheese - null
[2022-06-22T23:07:03.264] [DEBUG] cheese - login => username:admin,password:123456
[2022-06-22T23:07:03.265] [DEBUG] cheese - admin
[2022-06-22T23:07:03.269] [DEBUG] cheese - null
[2022-06-22T23:07:03.270] [DEBUG] cheese - null
[2022-06-23T22:05:54.854] [DEBUG] cheese - login => username:admin,password:123456
[2022-06-23T22:05:54.858] [DEBUG] cheese - admin
[2022-06-23T22:05:54.896] [DEBUG] cheese - null
[2022-06-23T22:05:54.897] [DEBUG] cheese - null
[2022-06-25T11:14:40.824] [DEBUG] cheese - login => username:admin,password:123456
[2022-06-25T11:14:40.825] [DEBUG] cheese - admin
[2022-06-25T11:14:40.894] [DEBUG] cheese - null
[2022-06-25T11:14:40.895] [DEBUG] cheese - null
[2022-06-27T22:12:42.298] [DEBUG] cheese - login => username:sss,password:sss
[2022-06-27T22:12:42.304] [DEBUG] cheese - sss
[2022-06-27T22:12:42.347] [DEBUG] cheese - null
[2022-06-27T22:12:42.348] [DEBUG] cheese - null
[2022-06-27T22:16:55.456] [DEBUG] cheese - login => username:sdsd,password:sdsd
[2022-06-27T22:16:55.456] [DEBUG] cheese - sdsd
[2022-06-27T22:16:55.465] [DEBUG] cheese - null
[2022-06-27T22:16:55.465] [DEBUG] cheese - null
[2022-06-27T22:23:58.760] [DEBUG] cheese - login => username:aaaa,password:aaa
[2022-06-27T22:23:58.762] [DEBUG] cheese - aaaa
[2022-06-27T22:23:58.778] [DEBUG] cheese - null
[2022-06-27T22:23:58.779] [DEBUG] cheese - null
[2022-06-27T22:25:50.799] [DEBUG] cheese - login => username:cada,password:ss
[2022-06-27T22:25:50.799] [DEBUG] cheese - cada
[2022-06-27T22:25:50.804] [DEBUG] cheese - null
[2022-06-27T22:25:50.804] [DEBUG] cheese - null
[2022-06-27T22:26:11.054] [DEBUG] cheese - login => username:sdsad,password:asdsad
[2022-06-27T22:26:11.055] [DEBUG] cheese - sdsad
[2022-06-27T22:26:11.059] [DEBUG] cheese - null
[2022-06-27T22:26:11.060] [DEBUG] cheese - null
[2022-06-27T22:26:40.973] [DEBUG] cheese - login => username:wq,password:qwq
[2022-06-27T22:26:40.974] [DEBUG] cheese - wq
[2022-06-27T22:26:40.977] [DEBUG] cheese - null
[2022-06-27T22:26:40.977] [DEBUG] cheese - null
[2022-06-30T22:35:04.438] [DEBUG] cheese - login => username:admin,password:123456
[2022-06-30T22:35:04.440] [DEBUG] cheese - admin
[2022-06-30T22:35:04.539] [DEBUG] cheese - null
[2022-06-30T22:35:04.539] [DEBUG] cheese - null
[2022-06-30T22:35:19.008] [DEBUG] cheese - login => username:admin,password:1234562
[2022-06-30T22:35:19.009] [DEBUG] cheese - admin
[2022-06-30T22:35:19.013] [DEBUG] cheese - null
[2022-06-30T22:35:19.013] [DEBUG] cheese - null
[2022-06-30T22:35:44.275] [DEBUG] cheese - login => username:admin,password:123
[2022-06-30T22:35:44.275] [DEBUG] cheese - admin
[2022-06-30T22:35:44.282] [DEBUG] cheese - null
[2022-06-30T22:35:44.283] [DEBUG] cheese - null
[2022-06-30T22:37:59.541] [DEBUG] cheese - login => username:www,password:wwww
[2022-06-30T22:37:59.541] [DEBUG] cheese - www
[2022-06-30T22:37:59.552] [DEBUG] cheese - null
[2022-06-30T22:37:59.552] [DEBUG] cheese - null
[2022-06-30T22:40:56.628] [DEBUG] cheese - login => username:sdsds,password:sdsd
[2022-06-30T22:40:56.628] [DEBUG] cheese - sdsds
[2022-06-30T22:40:56.640] [DEBUG] cheese - null
[2022-06-30T22:40:56.640] [DEBUG] cheese - null
[2022-06-30T22:41:16.025] [DEBUG] cheese - login => username:qwqw,password:qwqw
[2022-06-30T22:41:16.025] [DEBUG] cheese - qwqw
[2022-06-30T22:41:16.029] [DEBUG] cheese - null
[2022-06-30T22:41:16.030] [DEBUG] cheese - null
[2022-06-30T22:41:31.012] [DEBUG] cheese - login => username:admin,password:1234567
[2022-06-30T22:41:31.013] [DEBUG] cheese - admin
[2022-06-30T22:41:31.021] [DEBUG] cheese - null
[2022-06-30T22:41:31.021] [DEBUG] cheese - null
[2022-06-30T22:41:40.505] [DEBUG] cheese - login => username:admin,password:123456
[2022-06-30T22:41:40.505] [DEBUG] cheese - admin
[2022-06-30T22:41:40.511] [DEBUG] cheese - null
[2022-06-30T22:41:40.512] [DEBUG] cheese - null
[2022-06-30T22:41:42.326] [DEBUG] cheese - login => username:admin,password:123456
[2022-06-30T22:41:42.327] [DEBUG] cheese - admin
[2022-06-30T22:41:42.331] [DEBUG] cheese - null
[2022-06-30T22:41:42.331] [DEBUG] cheese - null
[2022-06-30T22:43:07.105] [DEBUG] cheese - login => username:admin,password:123456
[2022-06-30T22:43:07.106] [DEBUG] cheese - admin
[2022-06-30T22:43:07.118] [DEBUG] cheese - null
[2022-06-30T22:43:07.118] [DEBUG] cheese - null
[2022-06-30T22:53:52.330] [DEBUG] cheese - login => username:admin,password:123456
[2022-06-30T22:53:52.330] [DEBUG] cheese - admin
[2022-06-30T22:53:52.343] [DEBUG] cheese - null
[2022-06-30T22:53:52.344] [DEBUG] cheese - null
[2022-06-30T22:54:23.825] [DEBUG] cheese - login => username:admin,password:123456
[2022-06-30T22:54:23.825] [DEBUG] cheese - admin
[2022-06-30T22:54:23.834] [DEBUG] cheese - null
[2022-06-30T22:54:23.834] [DEBUG] cheese - null
[2022-07-01T23:33:49.560] [DEBUG] cheese - login => username:admin,password:123456
[2022-07-01T23:33:49.561] [DEBUG] cheese - admin
[2022-07-01T23:33:49.596] [DEBUG] cheese - null
[2022-07-01T23:33:49.596] [DEBUG] cheese - null
[2022-07-01T23:35:49.216] [DEBUG] cheese - login => username:admin,password:123456
[2022-07-01T23:35:49.217] [DEBUG] cheese - admin
[2022-07-01T23:35:49.256] [DEBUG] cheese - null
[2022-07-01T23:35:49.256] [DEBUG] cheese - null
[2022-07-01T23:36:19.896] [DEBUG] cheese - login => username:admin,password:123456
[2022-07-01T23:36:19.896] [DEBUG] cheese - admin
[2022-07-01T23:36:19.901] [DEBUG] cheese - null
[2022-07-01T23:36:19.901] [DEBUG] cheese - null
[2023-07-01T19:46:40.741] [DEBUG] cheese - login => username:admin,password:000000
[2023-07-01T19:46:40.744] [DEBUG] cheese - admin
[2023-07-01T19:46:40.762] [DEBUG] cheese - null
[2023-07-01T19:46:40.762] [DEBUG] cheese - null
[2023-07-01T20:09:57.104] [DEBUG] cheese - login => username:1,password:1
[2023-07-01T20:09:57.104] [DEBUG] cheese - 1
[2023-07-01T20:09:57.107] [DEBUG] cheese - null
[2023-07-01T20:09:57.107] [DEBUG] cheese - null
[2023-07-01T20:09:58.359] [DEBUG] cheese - login => username:1,password:1
[2023-07-01T20:09:58.359] [DEBUG] cheese - 1
[2023-07-01T20:09:58.361] [DEBUG] cheese - null
[2023-07-01T20:09:58.361] [DEBUG] cheese - null
[2023-07-01T20:20:03.633] [DEBUG] cheese - login => username:1,password:1
[2023-07-01T20:20:03.634] [DEBUG] cheese - 1
[2023-07-01T20:20:03.638] [DEBUG] cheese - null
[2023-07-01T20:20:03.639] [DEBUG] cheese - null
[2023-07-01T20:20:05.927] [DEBUG] cheese - login => username:1,password:1
[2023-07-01T20:20:05.927] [DEBUG] cheese - 1
[2023-07-01T20:20:05.930] [DEBUG] cheese - null
[2023-07-01T20:20:05.930] [DEBUG] cheese - null
[2023-07-01T20:20:06.788] [DEBUG] cheese - login => username:1,password:1
[2023-07-01T20:20:06.788] [DEBUG] cheese - 1
[2023-07-01T20:20:06.792] [DEBUG] cheese - null
[2023-07-01T20:20:06.792] [DEBUG] cheese - null
[2023-07-01T20:20:07.529] [DEBUG] cheese - login => username:1,password:1
[2023-07-01T20:20:07.529] [DEBUG] cheese - 1
[2023-07-01T20:20:07.531] [DEBUG] cheese - null
[2023-07-01T20:20:07.531] [DEBUG] cheese - null
[2023-07-01T20:20:42.113] [DEBUG] cheese - login => username:1,password:1
[2023-07-01T20:20:42.113] [DEBUG] cheese - 1
[2023-07-01T20:20:42.124] [DEBUG] cheese - null
[2023-07-01T20:20:42.124] [DEBUG] cheese - null
[2023-07-01T20:21:07.155] [DEBUG] cheese - login => username:2,password:2
[2023-07-01T20:21:07.155] [DEBUG] cheese - 2
[2023-07-01T20:21:07.171] [DEBUG] cheese - null
[2023-07-01T20:21:07.171] [DEBUG] cheese - null
[2023-07-01T20:21:08.703] [DEBUG] cheese - login => username:2,password:2
[2023-07-01T20:21:08.703] [DEBUG] cheese - 2
[2023-07-01T20:21:08.707] [DEBUG] cheese - null
[2023-07-01T20:21:08.707] [DEBUG] cheese - null
[2023-07-01T20:21:14.419] [DEBUG] cheese - login => username:2,password:2
[2023-07-01T20:21:14.419] [DEBUG] cheese - 2
[2023-07-01T20:21:14.422] [DEBUG] cheese - null
[2023-07-01T20:21:14.422] [DEBUG] cheese - null
[2023-07-01T20:21:15.127] [DEBUG] cheese - login => username:2,password:2
[2023-07-01T20:21:15.127] [DEBUG] cheese - 2
[2023-07-01T20:21:15.131] [DEBUG] cheese - null
[2023-07-01T20:21:15.131] [DEBUG] cheese - null
[2023-07-01T20:45:31.501] [DEBUG] cheese - login => username:1,password:1
[2023-07-01T20:45:31.501] [DEBUG] cheese - 1
[2023-07-01T20:45:31.504] [DEBUG] cheese - null
[2023-07-01T20:45:31.504] [DEBUG] cheese - null
[2023-07-01T20:45:52.551] [DEBUG] cheese - login => username:1,password:1
[2023-07-01T20:45:52.551] [DEBUG] cheese - 1
[2023-07-01T20:45:52.554] [DEBUG] cheese - null
[2023-07-01T20:45:52.554] [DEBUG] cheese - null
[2023-07-01T20:46:50.296] [DEBUG] cheese - login => username:1,password:1
[2023-07-01T20:46:50.296] [DEBUG] cheese - 1
[2023-07-01T20:46:50.298] [DEBUG] cheese - null
[2023-07-01T20:46:50.298] [DEBUG] cheese - null
[2023-07-01T20:47:19.089] [DEBUG] cheese - login => username:1,password:1
[2023-07-01T20:47:19.090] [DEBUG] cheese - 1
[2023-07-01T20:47:19.093] [DEBUG] cheese - null
[2023-07-01T20:47:19.093] [DEBUG] cheese - null
[2023-07-01T20:48:00.770] [DEBUG] cheese - login => username:admin,password:123456
[2023-07-01T20:48:00.771] [DEBUG] cheese - admin
[2023-07-01T20:48:00.773] [DEBUG] cheese - null
[2023-07-01T20:48:00.773] [DEBUG] cheese - null
[2023-07-01T20:48:10.351] [DEBUG] cheese - login => username:admin,password:12345
[2023-07-01T20:48:10.351] [DEBUG] cheese - admin
[2023-07-01T20:48:10.354] [DEBUG] cheese - null
[2023-07-01T20:48:10.354] [DEBUG] cheese - null
[2023-07-01T20:48:24.033] [DEBUG] cheese - login => username:admin,password:12345
[2023-07-01T20:48:24.033] [DEBUG] cheese - admin
[2023-07-01T20:48:24.035] [DEBUG] cheese - null
[2023-07-01T20:48:24.035] [DEBUG] cheese - null
[2023-07-01T20:50:25.399] [DEBUG] cheese - login => username:admin,password:12345
[2023-07-01T20:50:25.400] [DEBUG] cheese - admin
[2023-07-01T20:50:25.403] [DEBUG] cheese - null
[2023-07-01T20:50:25.403] [DEBUG] cheese - null
[2023-07-01T20:50:28.815] [DEBUG] cheese - login => username:admin,password:12345
[2023-07-01T20:50:28.815] [DEBUG] cheese - admin
[2023-07-01T20:50:28.818] [DEBUG] cheese - null
[2023-07-01T20:50:28.819] [DEBUG] cheese - null
[2023-07-01T20:50:33.927] [DEBUG] cheese - login => username:admin,password:12345
[2023-07-01T20:50:33.928] [DEBUG] cheese - admin
[2023-07-01T20:50:33.932] [DEBUG] cheese - null
[2023-07-01T20:50:33.933] [DEBUG] cheese - null
[2023-07-01T20:50:47.958] [DEBUG] cheese - login => username:admin,password:12345
[2023-07-01T20:50:47.958] [DEBUG] cheese - admin
[2023-07-01T20:50:47.966] [DEBUG] cheese - null
[2023-07-01T20:50:47.967] [DEBUG] cheese - null
[2023-07-01T20:58:15.862] [DEBUG] cheese - login => username:1,password:1
[2023-07-01T20:58:15.863] [DEBUG] cheese - 1
[2023-07-01T20:58:15.864] [DEBUG] cheese - null
[2023-07-01T20:58:15.864] [DEBUG] cheese - null
[2023-07-01T21:19:11.118] [DEBUG] cheese - login => username:111,password:111
[2023-07-01T21:19:11.118] [DEBUG] cheese - 111
[2023-07-01T21:19:11.121] [DEBUG] cheese - null
[2023-07-01T21:19:11.121] [DEBUG] cheese - null
[2023-07-01T21:19:18.602] [DEBUG] cheese - login => username:admin,password:123456
[2023-07-01T21:19:18.602] [DEBUG] cheese - admin
[2023-07-01T21:19:18.605] [DEBUG] cheese - null
[2023-07-01T21:19:18.605] [DEBUG] cheese - null
[2023-07-01T21:21:47.662] [DEBUG] cheese - login => username:admin,password:123456
[2023-07-01T21:21:47.662] [DEBUG] cheese - admin
[2023-07-01T21:21:47.664] [DEBUG] cheese - null
[2023-07-01T21:21:47.665] [DEBUG] cheese - null
[2023-07-01T21:22:17.680] [DEBUG] cheese - login => username:admin,password:123456
[2023-07-01T21:22:17.680] [DEBUG] cheese - admin
[2023-07-01T21:22:17.682] [DEBUG] cheese - null
[2023-07-01T21:22:17.682] [DEBUG] cheese - null
[2023-07-01T21:24:11.376] [DEBUG] cheese - login => username:admin,password:123456
[2023-07-01T21:24:11.376] [DEBUG] cheese - admin
[2023-07-01T21:24:11.378] [DEBUG] cheese - null
[2023-07-01T21:24:11.378] [DEBUG] cheese - null
[2023-07-01T21:36:11.834] [DEBUG] cheese - login => username:1,password:1
[2023-07-01T21:36:11.835] [DEBUG] cheese - 1
[2023-07-01T21:36:11.838] [DEBUG] cheese - null
[2023-07-01T21:36:11.838] [DEBUG] cheese - null
[2023-07-01T21:36:12.622] [DEBUG] cheese - login => username:1,password:1
[2023-07-01T21:36:12.622] [DEBUG] cheese - 1
[2023-07-01T21:36:12.625] [DEBUG] cheese - null
[2023-07-01T21:36:12.625] [DEBUG] cheese - null
[2023-07-01T21:36:28.075] [DEBUG] cheese - login => username:1,password:1
[2023-07-01T21:36:28.075] [DEBUG] cheese - 1
[2023-07-01T21:36:28.077] [DEBUG] cheese - null
[2023-07-01T21:36:28.077] [DEBUG] cheese - null
[2023-07-01T21:39:58.191] [DEBUG] cheese - login => username:admin,password:123456
[2023-07-01T21:39:58.192] [DEBUG] cheese - admin
[2023-07-01T21:39:58.194] [DEBUG] cheese - null
[2023-07-01T21:39:58.194] [DEBUG] cheese - null
[2023-07-01T21:40:01.567] [DEBUG] cheese - login => username:admin,password:123456
[2023-07-01T21:40:01.567] [DEBUG] cheese - admin
[2023-07-01T21:40:01.570] [DEBUG] cheese - null
[2023-07-01T21:40:01.570] [DEBUG] cheese - null
[2023-07-01T21:40:02.446] [DEBUG] cheese - login => username:admin,password:123456
[2023-07-01T21:40:02.446] [DEBUG] cheese - admin
[2023-07-01T21:40:02.447] [DEBUG] cheese - null
[2023-07-01T21:40:02.447] [DEBUG] cheese - null
[2023-07-01T21:52:53.270] [DEBUG] cheese - login => username:admin,password:123456
[2023-07-01T21:52:53.270] [DEBUG] cheese - admin
[2023-07-01T21:52:53.272] [DEBUG] cheese - null
[2023-07-01T21:52:53.272] [DEBUG] cheese - null
[2023-07-01T21:53:31.086] [DEBUG] cheese - login => username:admin,password:1233456
[2023-07-01T21:53:31.086] [DEBUG] cheese - admin
[2023-07-01T21:53:31.088] [DEBUG] cheese - null
[2023-07-01T21:53:31.088] [DEBUG] cheese - null
[2023-07-01T21:53:42.519] [DEBUG] cheese - login => username:admin,password:123456
[2023-07-01T21:53:42.519] [DEBUG] cheese - admin
[2023-07-01T21:53:42.521] [DEBUG] cheese - null
[2023-07-01T21:53:42.521] [DEBUG] cheese - null
[2023-07-01T21:54:28.510] [DEBUG] cheese - login => username:admin,password:123456
[2023-07-01T21:54:28.510] [DEBUG] cheese - admin
[2023-07-01T21:54:28.513] [DEBUG] cheese - null
[2023-07-01T21:54:28.513] [DEBUG] cheese - null
[2023-07-01T22:07:00.057] [DEBUG] cheese - login => username:1,password:1
[2023-07-01T22:07:00.058] [DEBUG] cheese - 1
[2023-07-01T22:07:00.060] [DEBUG] cheese - null
[2023-07-01T22:07:00.060] [DEBUG] cheese - null
[2023-07-01T22:08:53.642] [DEBUG] cheese - login => username:admin,password:123456
[2023-07-01T22:08:53.642] [DEBUG] cheese - admin
[2023-07-01T22:08:53.644] [DEBUG] cheese - null
[2023-07-01T22:08:53.644] [DEBUG] cheese - null
[2023-07-01T22:08:55.401] [DEBUG] cheese - login => username:admin,password:123456
[2023-07-01T22:08:55.402] [DEBUG] cheese - admin
[2023-07-01T22:08:55.405] [DEBUG] cheese - null
[2023-07-01T22:08:55.405] [DEBUG] cheese - null
[2023-07-01T22:09:52.820] [DEBUG] cheese - login => username:admin,password:123456
[2023-07-01T22:09:52.820] [DEBUG] cheese - admin
[2023-07-01T22:09:52.822] [DEBUG] cheese - null
[2023-07-01T22:09:52.822] [DEBUG] cheese - null
[2023-07-02T02:50:14.056] [DEBUG] cheese - login => username:admin,password:123456
[2023-07-02T02:50:14.056] [DEBUG] cheese - admin
[2023-07-02T02:50:14.064] [DEBUG] cheese - null
[2023-07-02T02:50:14.064] [DEBUG] cheese - null
[2023-07-02T15:31:38.912] [DEBUG] cheese - login => username:admin,password:123456
[2023-07-02T15:31:38.913] [DEBUG] cheese - admin
[2023-07-02T15:31:38.928] [DEBUG] cheese - null
[2023-07-02T15:31:38.928] [DEBUG] cheese - null
[2023-07-02T16:30:15.963] [DEBUG] cheese - login => username:admin,password:123456
[2023-07-02T16:30:15.963] [DEBUG] cheese - admin
[2023-07-02T16:30:15.966] [DEBUG] cheese - null
[2023-07-02T16:30:15.966] [DEBUG] cheese - null
[2023-07-02T16:31:16.306] [DEBUG] cheese - login => username:admin,password:123456
[2023-07-02T16:31:16.306] [DEBUG] cheese - admin
[2023-07-02T16:31:16.310] [DEBUG] cheese - null
[2023-07-02T16:31:16.310] [DEBUG] cheese - null
[2023-07-02T17:11:22.713] [DEBUG] cheese - login => username:admin,password:123456
[2023-07-02T17:11:22.713] [DEBUG] cheese - admin
[2023-07-02T17:11:22.716] [DEBUG] cheese - null
[2023-07-02T17:11:22.716] [DEBUG] cheese - null
[2023-07-02T17:11:42.079] [DEBUG] cheese - login => username:admin,password:123456
[2023-07-02T17:11:42.079] [DEBUG] cheese - admin
[2023-07-02T17:11:42.082] [DEBUG] cheese - null
[2023-07-02T17:11:42.082] [DEBUG] cheese - null
[2023-07-04T17:38:46.184] [DEBUG] cheese - login => username:admin,password:123456
[2023-07-04T17:38:46.185] [DEBUG] cheese - admin
[2023-07-04T17:38:46.200] [DEBUG] cheese - null
[2023-07-04T17:38:46.201] [DEBUG] cheese - null
[2023-07-04T17:40:40.254] [DEBUG] cheese - login => username:admin,password:123456
[2023-07-04T17:40:40.254] [DEBUG] cheese - admin
[2023-07-04T17:40:40.256] [DEBUG] cheese - null
[2023-07-04T17:40:40.256] [DEBUG] cheese - null
[2023-07-04T17:43:28.774] [DEBUG] cheese - login => username:admin,password:123456
[2023-07-04T17:43:28.774] [DEBUG] cheese - admin
[2023-07-04T17:43:28.776] [DEBUG] cheese - null
[2023-07-04T17:43:28.777] [DEBUG] cheese - null
[2023-07-04T17:44:26.995] [DEBUG] cheese - login => username:admin,password:123456
[2023-07-04T17:44:26.995] [DEBUG] cheese - admin
[2023-07-04T17:44:26.998] [DEBUG] cheese - null
[2023-07-04T17:44:26.998] [DEBUG] cheese - null
[2023-07-04T17:46:27.972] [DEBUG] cheese - login => username:admin,password:123456
[2023-07-04T17:46:27.972] [DEBUG] cheese - admin
[2023-07-04T17:46:27.974] [DEBUG] cheese - null
[2023-07-04T17:46:27.974] [DEBUG] cheese - null
[2023-07-04T17:47:07.261] [DEBUG] cheese - login => username:admin,password:123456
[2023-07-04T17:47:07.262] [DEBUG] cheese - admin
[2023-07-04T17:47:07.264] [DEBUG] cheese - null
[2023-07-04T17:47:07.265] [DEBUG] cheese - null
[2023-07-04T17:49:31.353] [DEBUG] cheese - login => username:admin,password:123456
[2023-07-04T17:49:31.353] [DEBUG] cheese - admin
[2023-07-04T17:49:31.355] [DEBUG] cheese - null
[2023-07-04T17:49:31.355] [DEBUG] cheese - null
[2023-07-04T17:49:54.426] [DEBUG] cheese - login => username:admin,password:123456
[2023-07-04T17:49:54.426] [DEBUG] cheese - admin
[2023-07-04T17:49:54.430] [DEBUG] cheese - null
[2023-07-04T17:49:54.430] [DEBUG] cheese - null
[2023-07-04T17:50:47.159] [DEBUG] cheese - login => username:admin,password:123456
[2023-07-04T17:50:47.159] [DEBUG] cheese - admin
[2023-07-04T17:50:47.161] [DEBUG] cheese - null
[2023-07-04T17:50:47.162] [DEBUG] cheese - null
[2023-07-04T17:51:10.434] [DEBUG] cheese - login => username:admin,password:123456
[2023-07-04T17:51:10.434] [DEBUG] cheese - admin
[2023-07-04T17:51:10.437] [DEBUG] cheese - null
[2023-07-04T17:51:10.437] [DEBUG] cheese - null
[2023-07-04T17:51:28.145] [DEBUG] cheese - login => username:admin,password:123456
[2023-07-04T17:51:28.145] [DEBUG] cheese - admin
[2023-07-04T17:51:28.148] [DEBUG] cheese - null
[2023-07-04T17:51:28.148] [DEBUG] cheese - null
[2023-07-04T17:52:16.964] [DEBUG] cheese - login => username:admin,password:123456
[2023-07-04T17:52:16.964] [DEBUG] cheese - admin
[2023-07-04T17:52:16.966] [DEBUG] cheese - null
[2023-07-04T17:52:16.966] [DEBUG] cheese - null
[2023-07-04T17:52:30.732] [DEBUG] cheese - login => username:admin,password:123456
[2023-07-04T17:52:30.733] [DEBUG] cheese - admin
[2023-07-04T17:52:30.735] [DEBUG] cheese - null
[2023-07-04T17:52:30.735] [DEBUG] cheese - null
[2023-07-04T17:52:58.743] [DEBUG] cheese - login => username:admin,password:123456
[2023-07-04T17:52:58.743] [DEBUG] cheese - admin
[2023-07-04T17:52:58.746] [DEBUG] cheese - null
[2023-07-04T17:52:58.746] [DEBUG] cheese - null
[2023-07-04T17:55:32.579] [DEBUG] cheese - login => username:admin,password:123456
[2023-07-04T17:55:32.579] [DEBUG] cheese - admin
[2023-07-04T17:55:32.582] [DEBUG] cheese - null
[2023-07-04T17:55:32.582] [DEBUG] cheese - null
[2023-07-04T17:56:03.285] [DEBUG] cheese - login => username:admin,password:123456
[2023-07-04T17:56:03.285] [DEBUG] cheese - admin
[2023-07-04T17:56:03.288] [DEBUG] cheese - null
[2023-07-04T17:56:03.288] [DEBUG] cheese - null
[2023-07-04T17:56:30.900] [DEBUG] cheese - login => username:admin,password:123456
[2023-07-04T17:56:30.901] [DEBUG] cheese - admin
[2023-07-04T17:56:30.903] [DEBUG] cheese - null
[2023-07-04T17:56:30.903] [DEBUG] cheese - null
[2023-07-04T17:57:14.325] [DEBUG] cheese - login => username:admin,password:123456
[2023-07-04T17:57:14.325] [DEBUG] cheese - admin
[2023-07-04T17:57:14.328] [DEBUG] cheese - null
[2023-07-04T17:57:14.328] [DEBUG] cheese - null
[2023-07-04T17:58:54.726] [DEBUG] cheese - login => username:admin,password:123456
[2023-07-04T17:58:54.726] [DEBUG] cheese - admin
[2023-07-04T17:58:54.729] [DEBUG] cheese - null
[2023-07-04T17:58:54.729] [DEBUG] cheese - null
[2023-07-04T18:03:34.075] [DEBUG] cheese - login => username:admin,password:123456
[2023-07-04T18:03:34.075] [DEBUG] cheese - admin
[2023-07-04T18:03:34.078] [DEBUG] cheese - null
[2023-07-04T18:03:34.078] [DEBUG] cheese - null
[2023-07-04T18:04:07.649] [DEBUG] cheese - login => username:admin,password:123456
[2023-07-04T18:04:07.649] [DEBUG] cheese - admin
[2023-07-04T18:04:07.651] [DEBUG] cheese - null
[2023-07-04T18:04:07.651] [DEBUG] cheese - null
[2023-07-04T18:04:46.793] [DEBUG] cheese - login => username:admin,password:123456
[2023-07-04T18:04:46.793] [DEBUG] cheese - admin
[2023-07-04T18:04:46.795] [DEBUG] cheese - null
[2023-07-04T18:04:46.796] [DEBUG] cheese - null
[2023-07-05T16:39:58.756] [DEBUG] cheese - login => username:admin,password:123456
[2023-07-05T16:39:58.756] [DEBUG] cheese - admin
[2023-07-05T16:39:58.758] [DEBUG] cheese - null
[2023-07-05T16:39:58.758] [DEBUG] cheese - null
[2023-07-05T16:41:43.618] [DEBUG] cheese - login => username:admin,password:123456
[2023-07-05T16:41:43.618] [DEBUG] cheese - admin
[2023-07-05T16:41:43.620] [DEBUG] cheese - null
[2023-07-05T16:41:43.621] [DEBUG] cheese - null
[2023-07-05T16:58:53.770] [DEBUG] cheese - login => username:admin,password:123456
[2023-07-05T16:58:53.770] [DEBUG] cheese - admin
[2023-07-05T16:58:53.772] [DEBUG] cheese - null
[2023-07-05T16:58:53.772] [DEBUG] cheese - null
[2023-07-05T19:20:20.259] [DEBUG] cheese - login => username:admin,password:123456
[2023-07-05T19:20:20.260] [DEBUG] cheese - admin
[2023-07-05T19:20:20.262] [DEBUG] cheese - null
[2023-07-05T19:20:20.263] [DEBUG] cheese - null
[2023-07-05T19:20:27.379] [DEBUG] cheese - login => username:admin,password:123456
[2023-07-05T19:20:27.379] [DEBUG] cheese - admin
[2023-07-05T19:20:27.381] [DEBUG] cheese - null
[2023-07-05T19:20:27.381] [DEBUG] cheese - null
[2023-07-05T19:21:36.433] [DEBUG] cheese - login => username:admin,password:123456
[2023-07-05T19:21:36.433] [DEBUG] cheese - admin
[2023-07-05T19:21:36.435] [DEBUG] cheese - null
[2023-07-05T19:21:36.435] [DEBUG] cheese - null
[2023-07-05T19:21:46.566] [DEBUG] cheese - login => username:admin,password:123456
[2023-07-05T19:21:46.567] [DEBUG] cheese - admin
[2023-07-05T19:21:46.569] [DEBUG] cheese - null
[2023-07-05T19:21:46.569] [DEBUG] cheese - null
[2023-07-07T03:02:10.356] [DEBUG] cheese - login => username:admin,password:123456
[2023-07-07T03:02:10.359] [DEBUG] cheese - admin
[2023-07-07T03:02:10.366] [DEBUG] cheese - null
[2023-07-07T03:02:10.366] [DEBUG] cheese - null
[2023-07-08T21:21:10.239] [DEBUG] cheese - login => username:admin,password:123456
[2023-07-08T21:21:10.240] [DEBUG] cheese - admin
[2023-07-08T21:21:10.244] [DEBUG] cheese - null
[2023-07-08T21:21:10.244] [DEBUG] cheese - null
[2023-07-09T00:44:00.660] [DEBUG] cheese - login => username:admin ,password:123456
[2023-07-09T00:44:00.662] [DEBUG] cheese - admin 
[2023-07-09T00:44:00.666] [DEBUG] cheese - null
[2023-07-09T00:44:00.666] [DEBUG] cheese - null
[2023-07-09T00:58:22.928] [DEBUG] cheese - login => username:admin,password:123456
[2023-07-09T00:58:22.928] [DEBUG] cheese - admin
[2023-07-09T00:58:22.931] [DEBUG] cheese - null
[2023-07-09T00:58:22.931] [DEBUG] cheese - null
